[2018-02-18 12:52:02] START
[2018-02-18 13:54:41] EDIT Tweety/models/db.py: 15
[2018-02-18 14:21:58] EDIT Tweety/controllers/default.py: 7
[2018-02-18 14:25:43] EDIT Tweety/controllers/default.py: 0
[2018-02-18 14:26:17] CREATE default/home.html: 0
[2018-02-18 14:34:58] EDIT Tweety/views/default/home.html: 7
[2018-02-18 14:35:55] EDIT Tweety/models/db.py: 0
[2018-02-18 14:36:29] EDIT Tweety/models/db.py: 0
[2018-02-18 14:37:03] EDIT Tweety/views/default/home.html: 0
[2018-02-18 14:37:11] EDIT Tweety/controllers/default.py: 0
[2018-02-18 14:37:43] EDIT Tweety/models/db.py: 0
[2018-02-18 14:37:50] EDIT Tweety/views/default/home.html: 0
[2018-02-18 14:37:53] EDIT Tweety/controllers/default.py: 0
[2018-02-18 14:38:12] EDIT Tweety/models/db.py: 0
[2018-02-18 14:38:12] EDIT Tweety/models/db.py: 0
[2018-02-18 14:40:27] EDIT Tweety/controllers/default.py: 0
[2018-02-18 14:40:27] EDIT Tweety/controllers/default.py: 0
[2018-02-18 14:40:42] EDIT Tweety/controllers/default.py: 0
[2018-02-18 14:42:00] EDIT Tweety/controllers/default.py: 0
[2018-02-18 14:42:24] EDIT Tweety/controllers/default.py: 0
[2018-02-18 14:42:24] EDIT Tweety/controllers/default.py: 0
[2018-02-18 14:44:58] EDIT Tweety/controllers/default.py: 0
[2018-02-18 14:46:22] EDIT Tweety/controllers/default.py: 2
[2018-02-18 14:46:58] EDIT Tweety/views/default/home.html: 0
[2018-02-18 14:47:11] EDIT Tweety/views/default/home.html: 0
[2018-02-18 14:47:31] EDIT Tweety/views/default/home.html: 0
[2018-02-18 14:47:39] EDIT Tweety/views/default/home.html: 0
[2018-02-18 14:49:37] EDIT Tweety/views/default/home.html: 0
[2018-02-18 14:50:20] EDIT Tweety/models/db.py: 0
[2018-02-18 14:50:46] EDIT Tweety/controllers/default.py: 1
[2018-02-18 14:51:13] EDIT Tweety/models/db.py: 0
[2018-02-18 14:53:33] EDIT Tweety/controllers/default.py: 6
[2018-02-18 14:53:33] EDIT Tweety/controllers/default.py: 0
[2018-02-18 14:53:40] CREATE default/profile.html: 0
[2018-02-18 14:54:20] EDIT Tweety/views/default/profile.html: 0
[2018-02-18 14:56:44] EDIT Tweety/views/default/profile.html: 3
[2018-02-18 14:57:00] EDIT Tweety/views/default/profile.html: 1
[2018-02-18 14:57:23] EDIT Tweety/views/default/profile.html: 2
[2018-02-18 14:57:23] EDIT Tweety/views/default/profile.html: 0
[2018-02-18 15:31:53] EDIT Tweety/controllers/default.py: 12
[2018-02-18 15:31:54] EDIT Tweety/controllers/default.py: 0
[2018-02-18 15:31:58] EDIT Tweety/controllers/default.py: 0
[2018-02-18 15:32:00] EDIT Tweety/controllers/default.py: 0
[2018-02-18 15:35:30] EDIT Tweety/controllers/default.py: 1
[2018-02-18 15:35:30] EDIT Tweety/controllers/default.py: 0
[2018-02-18 15:39:06] EDIT Tweety/controllers/default.py: -1
[2018-02-18 15:39:06] EDIT Tweety/controllers/default.py: 0
[2018-02-18 15:39:28] CREATE default/search.html: 0
[2018-02-18 15:46:22] EDIT Tweety/views/default/search.html: 7
[2018-02-18 15:46:45] EDIT Tweety/views/default/search.html: 1
[2018-02-18 15:46:53] EDIT Tweety/views/default/search.html: 1
[2018-02-18 15:46:56] EDIT Tweety/views/default/search.html: 0
[2018-02-18 15:47:13] EDIT Tweety/views/default/search.html: -1
[2018-02-18 15:47:52] EDIT Tweety/views/default/search.html: 0
[2018-02-18 15:48:29] EDIT Tweety/views/default/search.html: 0
[2018-02-18 15:48:53] EDIT Tweety/views/default/search.html: 0
[2018-02-18 15:48:54] EDIT Tweety/views/default/search.html: 0
[2018-02-18 15:49:12] EDIT Tweety/views/default/search.html: 0
[2018-02-18 15:49:42] EDIT Tweety/views/default/search.html: 0
[2018-02-18 15:50:08] EDIT Tweety/views/default/search.html: 0
[2018-02-18 15:51:23] EDIT Tweety/views/default/search.html: 1
[2018-02-18 15:51:26] EDIT Tweety/views/default/search.html: -1
[2018-02-18 15:51:38] EDIT Tweety/views/default/search.html: 0
[2018-02-18 15:51:55] EDIT Tweety/views/default/search.html: 0
[2018-02-18 15:52:53] EDIT Tweety/views/default/search.html: 0
